2026-03-10 09:41:08+00:00 [Note] [Entrypoint]: Entrypoint script for MySQL Server 9.6.0-1.el9 started.
2026-03-10 09:41:08+00:00 [Note] [Entrypoint]: Switching to dedicated user 'mysql'
2026-03-10 09:41:08+00:00 [Note] [Entrypoint]: Entrypoint script for MySQL Server 9.6.0-1.el9 started.
2026-03-10 09:41:09+00:00 [Note] [Entrypoint]: Initializing database files
2026-03-10T09:41:09.207735Z 0 [System] [MY-015017] [Server] MySQL Server Initialization - start.
2026-03-10T09:41:09.211743Z 0 [System] [MY-013169] [Server] /usr/sbin/mysqld (mysqld 9.6.0) initializing of server in progress as process 80
2026-03-10T09:41:09.249995Z 1 [System] [MY-013576] [InnoDB] InnoDB initialization has started.
2026-03-10T09:41:09.974261Z 1 [System] [MY-013577] [InnoDB] InnoDB initialization has ended.
2026-03-10T09:41:14.003355Z 0 [System] [MY-015018] [Server] MySQL Server Initialization - end.
2026-03-10 09:41:14+00:00 [Note] [Entrypoint]: Database files initialized
2026-03-10 09:41:14+00:00 [Note] [Entrypoint]: Starting temporary server
2026-03-10T09:41:14.234990Z 0 [System] [MY-015015] [Server] MySQL Server - start.
2026-03-10T09:41:14.537918Z 0 [System] [MY-010116] [Server] /usr/sbin/mysqld (mysqld 9.6.0) starting as process 117
2026-03-10T09:41:14.537941Z 0 [System] [MY-015590] [Server] MySQL Server has access to 2 logical CPUs.
2026-03-10T09:41:14.537954Z 0 [System] [MY-015590] [Server] MySQL Server has access to 955727872 bytes of physical memory.
2026-03-10T09:41:14.592711Z 1 [System] [MY-013576] [InnoDB] InnoDB initialization has started.
2026-03-10T09:41:15.153758Z 1 [System] [MY-013577] [InnoDB] InnoDB initialization has ended.
2026-03-10T09:41:15.648593Z 0 [Warning] [MY-010068] [Server] CA certificate ca.pem is self signed.
2026-03-10T09:41:15.648647Z 0 [System] [MY-013602] [Server] Channel mysql_main configured to support TLS. Encrypted connections are now supported for this channel.
2026-03-10T09:41:15.655050Z 0 [Warning] [MY-011810] [Server] Insecure configuration for --pid-file: Location '/var/run/mysqld' in the path is accessible to all OS users. Consider choosing a different directory.
2026-03-10T09:41:15.708444Z 0 [System] [MY-011323] [Server] X Plugin ready for connections. Socket: /var/run/mysqld/mysqlx.sock
2026-03-10T09:41:15.708649Z 0 [System] [MY-010931] [Server] /usr/sbin/mysqld: ready for connections. Version: '9.6.0'  socket: '/var/run/mysqld/mysqld.sock'  port: 0  MySQL Community Server - GPL.
2026-03-10 09:41:15+00:00 [Note] [Entrypoint]: Temporary server started.
'/var/lib/mysql/mysql.sock' -> '/var/run/mysqld/mysqld.sock'
Warning: Unable to load '/usr/share/zoneinfo/iso3166.tab' as time zone. Skipping it.
Warning: Unable to load '/usr/share/zoneinfo/leap-seconds.list' as time zone. Skipping it.
Warning: Unable to load '/usr/share/zoneinfo/leapseconds' as time zone. Skipping it.
Warning: Unable to load '/usr/share/zoneinfo/tzdata.zi' as time zone. Skipping it.
Warning: Unable to load '/usr/share/zoneinfo/zone.tab' as time zone. Skipping it.
Warning: Unable to load '/usr/share/zoneinfo/zone1970.tab' as time zone. Skipping it.

2026-03-10 09:41:18+00:00 [Note] [Entrypoint]: Stopping temporary server
2026-03-10T09:41:18.242364Z 11 [System] [MY-013172] [Server] Received SHUTDOWN from user root. Shutting down mysqld (Version: 9.6.0).
2026-03-10T09:41:19.035784Z 0 [System] [MY-010910] [Server] /usr/sbin/mysqld: Shutdown complete (mysqld 9.6.0)  MySQL Community Server - GPL.
2026-03-10T09:41:19.035807Z 0 [System] [MY-015016] [Server] MySQL Server - end.
2026-03-10 09:41:19+00:00 [Note] [Entrypoint]: Temporary server stopped

2026-03-10 09:41:19+00:00 [Note] [Entrypoint]: MySQL init process done. Ready for start up.

2026-03-10T09:41:19.346175Z 0 [System] [MY-015015] [Server] MySQL Server - start.
2026-03-10T09:41:19.661654Z 0 [System] [MY-010116] [Server] /usr/sbin/mysqld (mysqld 9.6.0) starting as process 1
2026-03-10T09:41:19.661678Z 0 [System] [MY-015590] [Server] MySQL Server has access to 2 logical CPUs.
2026-03-10T09:41:19.661690Z 0 [System] [MY-015590] [Server] MySQL Server has access to 955727872 bytes of physical memory.
2026-03-10T09:41:19.691811Z 1 [System] [MY-013576] [InnoDB] InnoDB initialization has started.
2026-03-10T09:41:20.266131Z 1 [System] [MY-013577] [InnoDB] InnoDB initialization has ended.
2026-03-10T09:41:20.668605Z 0 [Warning] [MY-010068] [Server] CA certificate ca.pem is self signed.
2026-03-10T09:41:20.668653Z 0 [System] [MY-013602] [Server] Channel mysql_main configured to support TLS. Encrypted connections are now supported for this channel.
2026-03-10T09:41:20.675026Z 0 [Warning] [MY-011810] [Server] Insecure configuration for --pid-file: Location '/var/run/mysqld' in the path is accessible to all OS users. Consider choosing a different directory.
2026-03-10T09:41:20.725190Z 0 [System] [MY-011323] [Server] X Plugin ready for connections. Bind-address: '::' port: 33060, socket: /var/run/mysqld/mysqlx.sock
2026-03-10T09:41:20.725553Z 0 [System] [MY-010931] [Server] /usr/sbin/mysqld: ready for connections. Version: '9.6.0'  socket: '/var/run/mysqld/mysqld.sock'  port: 3306  MySQL Community Server - GPL.